2025-11-28 00:02:40,377 [daml.index.db.threadpool.connection.indexer-6] INFO  c.d.c.p.i.MeteringAggregator:participant=sandbox - Aggregating transaction metering for LedgerMeteringEnd(Offset(Bytes(000000000000000029)),2025-11-28T07:00:00Z)
2025-11-28 00:02:40,390 [daml.index.db.threadpool.connection.indexer-6] INFO  c.d.c.p.i.MeteringAggregator:participant=sandbox - Aggregating transaction metering completed up to LedgerMeteringEnd(Offset(Bytes(000000000000000029)),2025-11-28T07:00:00Z)
2025-11-28 00:43:56,105 [canton-env-ec-50] INFO  c.d.c.d.s.a.MemberAuthenticationServiceOld:domain=local - DOM::local::122085d60efc... authenticated new token with expiry 2025-11-28T08:43:56.104607Z
2025-11-28 00:43:56,105 [canton-env-ec-98] INFO  c.d.c.d.s.a.MemberAuthenticationServiceOld:domain=local - MED::local::122085d60efc... authenticated new token with expiry 2025-11-28T08:43:56.104634Z
2025-11-28 00:43:56,105 [canton-env-ec-107] INFO  c.d.c.d.s.a.MemberAuthenticationServiceOld:domain=local - PAR::sandbox::1220a2ad1939... authenticated new token with expiry 2025-11-28T08:43:56.104616Z
2025-11-28 00:44:16,097 [canton-env-ec-103] INFO  c.d.c.s.c.t.GrpcSequencerSubscription:domain=local/client=topology-manager - The sequencer subscription has been terminated by the server.
2025-11-28 00:44:16,099 [canton-env-ec-53] INFO  c.d.c.s.c.t.GrpcSubscriptionErrorRetryPolicy:domain=local/client=topology-manager - Trying to reconnect to give the sequencer the opportunity to become available again (after Connection terminated by the server.)
2025-11-28 00:44:16,100 [canton-env-ec-98] INFO  c.d.c.s.c.t.GrpcSequencerSubscription:domain=local/client=mediator - The sequencer subscription has been terminated by the server.
2025-11-28 00:44:16,100 [canton-env-ec-100] INFO  c.d.c.s.c.t.GrpcSubscriptionErrorRetryPolicy:domain=local/client=mediator - Trying to reconnect to give the sequencer the opportunity to become available again (after Connection terminated by the server.)
2025-11-28 00:44:16,101 [canton-env-ec-107] INFO  c.d.c.s.c.t.GrpcSequencerSubscription:participant=sandbox/domainId=local::122085d60efc - The sequencer subscription has been terminated by the server.
2025-11-28 00:44:16,101 [canton-env-ec-98] INFO  c.d.c.s.c.t.GrpcSubscriptionErrorRetryPolicy:participant=sandbox/domainId=local::122085d60efc - Trying to reconnect to give the sequencer the opportunity to become available again (after Connection terminated by the server.)
2025-11-28 00:44:16,167 [canton-env-ec-103] INFO  c.d.c.d.s.s.GrpcSequencerService:domain=local - MED::local::122085d60efc... subscribes from counter=137
2025-11-28 00:44:16,174 [canton-env-ec-98] INFO  c.d.c.d.s.s.GrpcSequencerService:domain=local - DOM::local::122085d60efc... subscribes from counter=74
2025-11-28 00:44:16,176 [canton-env-ec-53] INFO  c.d.c.d.s.s.GrpcSequencerService:domain=local - PAR::sandbox::1220a2ad1939... subscribes from counter=158
2025-11-28 01:02:40,405 [daml.index.db.threadpool.connection.indexer-16] INFO  c.d.c.p.i.MeteringAggregator:participant=sandbox - Aggregating transaction metering for LedgerMeteringEnd(Offset(Bytes(000000000000000029)),2025-11-28T08:00:00Z)
2025-11-28 01:02:40,409 [daml.index.db.threadpool.connection.indexer-16] INFO  c.d.c.p.i.MeteringAggregator:participant=sandbox - Aggregating transaction metering completed up to LedgerMeteringEnd(Offset(Bytes(000000000000000029)),2025-11-28T08:00:00Z)
2025-11-28 01:43:36,139 [canton-env-ec-82] INFO  c.d.c.d.s.a.MemberAuthenticationServiceOld:domain=local - DOM::local::122085d60efc... authenticated new token with expiry 2025-11-28T09:43:36.139421Z
2025-11-28 01:43:36,139 [canton-env-ec-50] INFO  c.d.c.d.s.a.MemberAuthenticationServiceOld:domain=local - MED::local::122085d60efc... authenticated new token with expiry 2025-11-28T09:43:36.139430Z
2025-11-28 01:43:36,139 [canton-env-ec-46] INFO  c.d.c.d.s.a.MemberAuthenticationServiceOld:domain=local - PAR::sandbox::1220a2ad1939... authenticated new token with expiry 2025-11-28T09:43:36.139430Z
2025-11-28 01:43:56,119 [canton-env-ec-100] INFO  c.d.c.s.c.t.GrpcSequencerSubscription:domain=local/client=topology-manager - The sequencer subscription has been terminated by the server.
2025-11-28 01:43:56,120 [canton-env-ec-98] INFO  c.d.c.s.c.t.GrpcSequencerSubscription:participant=sandbox/domainId=local::122085d60efc - The sequencer subscription has been terminated by the server.
2025-11-28 01:43:56,121 [canton-env-ec-107] INFO  c.d.c.s.c.t.GrpcSubscriptionErrorRetryPolicy:participant=sandbox/domainId=local::122085d60efc - Trying to reconnect to give the sequencer the opportunity to become available again (after Connection terminated by the server.)
2025-11-28 01:43:56,122 [canton-env-ec-51] INFO  c.d.c.s.c.t.GrpcSequencerSubscription:domain=local/client=mediator - The sequencer subscription has been terminated by the server.
2025-11-28 01:43:56,122 [canton-env-ec-95] INFO  c.d.c.s.c.t.GrpcSubscriptionErrorRetryPolicy:domain=local/client=topology-manager - Trying to reconnect to give the sequencer the opportunity to become available again (after Connection terminated by the server.)
2025-11-28 01:43:56,122 [canton-env-ec-103] INFO  c.d.c.s.c.t.GrpcSubscriptionErrorRetryPolicy:domain=local/client=mediator - Trying to reconnect to give the sequencer the opportunity to become available again (after Connection terminated by the server.)
2025-11-28 01:43:56,186 [canton-env-ec-100] INFO  c.d.c.d.s.s.GrpcSequencerService:domain=local - MED::local::122085d60efc... subscribes from counter=137
2025-11-28 01:43:56,201 [canton-env-ec-53] INFO  c.d.c.d.s.s.GrpcSequencerService:domain=local - DOM::local::122085d60efc... subscribes from counter=74
2025-11-28 01:43:56,202 [canton-env-ec-82] INFO  c.d.c.d.s.s.GrpcSequencerService:domain=local - PAR::sandbox::1220a2ad1939... subscribes from counter=158
2025-11-28 02:02:40,367 [daml.index.db.threadpool.connection.indexer-9] INFO  c.d.c.p.i.MeteringAggregator:participant=sandbox - Aggregating transaction metering for LedgerMeteringEnd(Offset(Bytes(000000000000000029)),2025-11-28T09:00:00Z)
2025-11-28 02:02:40,371 [daml.index.db.threadpool.connection.indexer-9] INFO  c.d.c.p.i.MeteringAggregator:participant=sandbox - Aggregating transaction metering completed up to LedgerMeteringEnd(Offset(Bytes(000000000000000029)),2025-11-28T09:00:00Z)
2025-11-28 02:43:16,181 [canton-env-ec-98] INFO  c.d.c.d.s.a.MemberAuthenticationServiceOld:domain=local - DOM::local::122085d60efc... authenticated new token with expiry 2025-11-28T10:43:16.181079Z
2025-11-28 02:43:16,181 [canton-env-ec-51] INFO  c.d.c.d.s.a.MemberAuthenticationServiceOld:domain=local - MED::local::122085d60efc... authenticated new token with expiry 2025-11-28T10:43:16.181072Z
2025-11-28 02:43:16,181 [canton-env-ec-54] INFO  c.d.c.d.s.a.MemberAuthenticationServiceOld:domain=local - PAR::sandbox::1220a2ad1939... authenticated new token with expiry 2025-11-28T10:43:16.181080Z
2025-11-28 02:43:36,154 [canton-env-ec-98] INFO  c.d.c.s.c.t.GrpcSequencerSubscription:domain=local/client=topology-manager - The sequencer subscription has been terminated by the server.
2025-11-28 02:43:36,155 [canton-env-ec-106] INFO  c.d.c.s.c.t.GrpcSequencerSubscription:domain=local/client=mediator - The sequencer subscription has been terminated by the server.
2025-11-28 02:43:36,156 [canton-env-ec-53] INFO  c.d.c.s.c.t.GrpcSubscriptionErrorRetryPolicy:domain=local/client=topology-manager - Trying to reconnect to give the sequencer the opportunity to become available again (after Connection terminated by the server.)
2025-11-28 02:43:36,156 [canton-env-ec-100] INFO  c.d.c.s.c.t.GrpcSubscriptionErrorRetryPolicy:domain=local/client=mediator - Trying to reconnect to give the sequencer the opportunity to become available again (after Connection terminated by the server.)
2025-11-28 02:43:36,157 [canton-env-ec-53] INFO  c.d.c.s.c.t.GrpcSequencerSubscription:participant=sandbox/domainId=local::122085d60efc - The sequencer subscription has been terminated by the server.
2025-11-28 02:43:36,157 [canton-env-ec-107] INFO  c.d.c.s.c.t.GrpcSubscriptionErrorRetryPolicy:participant=sandbox/domainId=local::122085d60efc - Trying to reconnect to give the sequencer the opportunity to become available again (after Connection terminated by the server.)
2025-11-28 02:43:36,220 [canton-env-ec-54] INFO  c.d.c.d.s.s.GrpcSequencerService:domain=local - PAR::sandbox::1220a2ad1939... subscribes from counter=158
2025-11-28 02:43:36,227 [canton-env-ec-46] INFO  c.d.c.d.s.s.GrpcSequencerService:domain=local - MED::local::122085d60efc... subscribes from counter=137
2025-11-28 02:43:36,229 [canton-env-ec-98] INFO  c.d.c.d.s.s.GrpcSequencerService:domain=local - DOM::local::122085d60efc... subscribes from counter=74
2025-11-28 03:02:40,371 [daml.index.db.threadpool.connection.indexer-2] INFO  c.d.c.p.i.MeteringAggregator:participant=sandbox - Aggregating transaction metering for LedgerMeteringEnd(Offset(Bytes(000000000000000029)),2025-11-28T10:00:00Z)
2025-11-28 03:02:40,375 [daml.index.db.threadpool.connection.indexer-2] INFO  c.d.c.p.i.MeteringAggregator:participant=sandbox - Aggregating transaction metering completed up to LedgerMeteringEnd(Offset(Bytes(000000000000000029)),2025-11-28T10:00:00Z)
2025-11-28 03:42:56,215 [canton-env-ec-98] INFO  c.d.c.d.s.a.MemberAuthenticationServiceOld:domain=local - DOM::local::122085d60efc... authenticated new token with expiry 2025-11-28T11:42:56.215007Z
2025-11-28 03:42:56,215 [canton-env-ec-54] INFO  c.d.c.d.s.a.MemberAuthenticationServiceOld:domain=local - MED::local::122085d60efc... authenticated new token with expiry 2025-11-28T11:42:56.215013Z
2025-11-28 03:42:56,215 [canton-env-ec-100] INFO  c.d.c.d.s.a.MemberAuthenticationServiceOld:domain=local - PAR::sandbox::1220a2ad1939... authenticated new token with expiry 2025-11-28T11:42:56.215013Z
2025-11-28 03:43:16,187 [canton-env-ec-50] INFO  c.d.c.s.c.t.GrpcSequencerSubscription:domain=local/client=mediator - The sequencer subscription has been terminated by the server.
2025-11-28 03:43:16,188 [canton-env-ec-54] INFO  c.d.c.s.c.t.GrpcSequencerSubscription:domain=local/client=topology-manager - The sequencer subscription has been terminated by the server.
2025-11-28 03:43:16,189 [canton-env-ec-106] INFO  c.d.c.s.c.t.GrpcSubscriptionErrorRetryPolicy:domain=local/client=mediator - Trying to reconnect to give the sequencer the opportunity to become available again (after Connection terminated by the server.)
2025-11-28 03:43:16,189 [canton-env-ec-111] INFO  c.d.c.s.c.t.GrpcSubscriptionErrorRetryPolicy:domain=local/client=topology-manager - Trying to reconnect to give the sequencer the opportunity to become available again (after Connection terminated by the server.)
2025-11-28 03:43:16,189 [canton-env-ec-111] INFO  c.d.c.s.c.t.GrpcSequencerSubscription:participant=sandbox/domainId=local::122085d60efc - The sequencer subscription has been terminated by the server.
2025-11-28 03:43:16,190 [canton-env-ec-47] INFO  c.d.c.s.c.t.GrpcSubscriptionErrorRetryPolicy:participant=sandbox/domainId=local::122085d60efc - Trying to reconnect to give the sequencer the opportunity to become available again (after Connection terminated by the server.)
2025-11-28 03:43:16,251 [canton-env-ec-100] INFO  c.d.c.d.s.s.GrpcSequencerService:domain=local - PAR::sandbox::1220a2ad1939... subscribes from counter=158
2025-11-28 03:43:16,257 [canton-env-ec-111] INFO  c.d.c.d.s.s.GrpcSequencerService:domain=local - MED::local::122085d60efc... subscribes from counter=137
2025-11-28 03:43:16,259 [canton-env-ec-47] INFO  c.d.c.d.s.s.GrpcSequencerService:domain=local - DOM::local::122085d60efc... subscribes from counter=74
2025-11-28 04:02:40,370 [daml.index.db.threadpool.connection.indexer-12] INFO  c.d.c.p.i.MeteringAggregator:participant=sandbox - Aggregating transaction metering for LedgerMeteringEnd(Offset(Bytes(000000000000000029)),2025-11-28T11:00:00Z)
2025-11-28 04:02:40,374 [daml.index.db.threadpool.connection.indexer-12] INFO  c.d.c.p.i.MeteringAggregator:participant=sandbox - Aggregating transaction metering completed up to LedgerMeteringEnd(Offset(Bytes(000000000000000029)),2025-11-28T11:00:00Z)
2025-11-28 04:42:36,252 [canton-env-ec-50] INFO  c.d.c.d.s.a.MemberAuthenticationServiceOld:domain=local - DOM::local::122085d60efc... authenticated new token with expiry 2025-11-28T12:42:36.251643Z
2025-11-28 04:42:36,252 [canton-env-ec-103] INFO  c.d.c.d.s.a.MemberAuthenticationServiceOld:domain=local - PAR::sandbox::1220a2ad1939... authenticated new token with expiry 2025-11-28T12:42:36.251656Z
2025-11-28 04:42:36,252 [canton-env-ec-95] INFO  c.d.c.d.s.a.MemberAuthenticationServiceOld:domain=local - MED::local::122085d60efc... authenticated new token with expiry 2025-11-28T12:42:36.251650Z
2025-11-28 04:42:56,221 [canton-env-ec-54] INFO  c.d.c.s.c.t.GrpcSequencerSubscription:domain=local/client=topology-manager - The sequencer subscription has been terminated by the server.
2025-11-28 04:42:56,223 [canton-env-ec-52] INFO  c.d.c.s.c.t.GrpcSequencerSubscription:participant=sandbox/domainId=local::122085d60efc - The sequencer subscription has been terminated by the server.
2025-11-28 04:42:56,223 [canton-env-ec-50] INFO  c.d.c.s.c.t.GrpcSubscriptionErrorRetryPolicy:domain=local/client=topology-manager - Trying to reconnect to give the sequencer the opportunity to become available again (after Connection terminated by the server.)
2025-11-28 04:42:56,223 [canton-env-ec-46] INFO  c.d.c.s.c.t.GrpcSubscriptionErrorRetryPolicy:participant=sandbox/domainId=local::122085d60efc - Trying to reconnect to give the sequencer the opportunity to become available again (after Connection terminated by the server.)
2025-11-28 04:42:56,224 [canton-env-ec-106] INFO  c.d.c.s.c.t.GrpcSequencerSubscription:domain=local/client=mediator - The sequencer subscription has been terminated by the server.
2025-11-28 04:42:56,224 [canton-env-ec-52] INFO  c.d.c.s.c.t.GrpcSubscriptionErrorRetryPolicy:domain=local/client=mediator - Trying to reconnect to give the sequencer the opportunity to become available again (after Connection terminated by the server.)
2025-11-28 04:42:56,289 [canton-env-ec-47] INFO  c.d.c.d.s.s.GrpcSequencerService:domain=local - MED::local::122085d60efc... subscribes from counter=137
2025-11-28 04:42:56,296 [canton-env-ec-54] INFO  c.d.c.d.s.s.GrpcSequencerService:domain=local - DOM::local::122085d60efc... subscribes from counter=74
2025-11-28 04:42:56,298 [canton-env-ec-103] INFO  c.d.c.d.s.s.GrpcSequencerService:domain=local - PAR::sandbox::1220a2ad1939... subscribes from counter=158
2025-11-28 05:02:40,377 [daml.index.db.threadpool.connection.indexer-5] INFO  c.d.c.p.i.MeteringAggregator:participant=sandbox - Aggregating transaction metering for LedgerMeteringEnd(Offset(Bytes(000000000000000029)),2025-11-28T12:00:00Z)
2025-11-28 05:02:40,380 [daml.index.db.threadpool.connection.indexer-5] INFO  c.d.c.p.i.MeteringAggregator:participant=sandbox - Aggregating transaction metering completed up to LedgerMeteringEnd(Offset(Bytes(000000000000000029)),2025-11-28T12:00:00Z)
2025-11-28 05:42:16,284 [canton-env-ec-106] INFO  c.d.c.d.s.a.MemberAuthenticationServiceOld:domain=local - MED::local::122085d60efc... authenticated new token with expiry 2025-11-28T13:42:16.284353Z
2025-11-28 05:42:16,284 [canton-env-ec-111] INFO  c.d.c.d.s.a.MemberAuthenticationServiceOld:domain=local - DOM::local::122085d60efc... authenticated new token with expiry 2025-11-28T13:42:16.284360Z
2025-11-28 05:42:16,284 [canton-env-ec-51] INFO  c.d.c.d.s.a.MemberAuthenticationServiceOld:domain=local - PAR::sandbox::1220a2ad1939... authenticated new token with expiry 2025-11-28T13:42:16.284492Z
2025-11-28 05:42:36,267 [canton-env-ec-100] INFO  c.d.c.s.c.t.GrpcSequencerSubscription:domain=local/client=topology-manager - The sequencer subscription has been terminated by the server.
2025-11-28 05:42:36,268 [canton-env-ec-54] INFO  c.d.c.s.c.t.GrpcSequencerSubscription:domain=local/client=mediator - The sequencer subscription has been terminated by the server.
2025-11-28 05:42:36,268 [canton-env-ec-53] INFO  c.d.c.s.c.t.GrpcSubscriptionErrorRetryPolicy:domain=local/client=mediator - Trying to reconnect to give the sequencer the opportunity to become available again (after Connection terminated by the server.)
2025-11-28 05:42:36,268 [canton-env-ec-52] INFO  c.d.c.s.c.t.GrpcSubscriptionErrorRetryPolicy:domain=local/client=topology-manager - Trying to reconnect to give the sequencer the opportunity to become available again (after Connection terminated by the server.)
2025-11-28 05:42:36,269 [canton-env-ec-53] INFO  c.d.c.s.c.t.GrpcSequencerSubscription:participant=sandbox/domainId=local::122085d60efc - The sequencer subscription has been terminated by the server.
2025-11-28 05:42:36,269 [canton-env-ec-54] INFO  c.d.c.s.c.t.GrpcSubscriptionErrorRetryPolicy:participant=sandbox/domainId=local::122085d60efc - Trying to reconnect to give the sequencer the opportunity to become available again (after Connection terminated by the server.)
2025-11-28 05:42:36,334 [canton-env-ec-100] INFO  c.d.c.d.s.s.GrpcSequencerService:domain=local - DOM::local::122085d60efc... subscribes from counter=74
2025-11-28 05:42:36,341 [canton-env-ec-47] INFO  c.d.c.d.s.s.GrpcSequencerService:domain=local - PAR::sandbox::1220a2ad1939... subscribes from counter=158
2025-11-28 05:42:36,343 [canton-env-ec-51] INFO  c.d.c.d.s.s.GrpcSequencerService:domain=local - MED::local::122085d60efc... subscribes from counter=137
2025-11-28 06:02:40,379 [daml.index.db.threadpool.connection.indexer-15] INFO  c.d.c.p.i.MeteringAggregator:participant=sandbox - Aggregating transaction metering for LedgerMeteringEnd(Offset(Bytes(000000000000000029)),2025-11-28T13:00:00Z)
2025-11-28 06:02:40,383 [daml.index.db.threadpool.connection.indexer-15] INFO  c.d.c.p.i.MeteringAggregator:participant=sandbox - Aggregating transaction metering completed up to LedgerMeteringEnd(Offset(Bytes(000000000000000029)),2025-11-28T13:00:00Z)
2025-11-28 06:41:56,327 [canton-env-ec-107] INFO  c.d.c.d.s.a.MemberAuthenticationServiceOld:domain=local - PAR::sandbox::1220a2ad1939... authenticated new token with expiry 2025-11-28T14:41:56.326623Z
2025-11-28 06:41:56,327 [canton-env-ec-106] INFO  c.d.c.d.s.a.MemberAuthenticationServiceOld:domain=local - MED::local::122085d60efc... authenticated new token with expiry 2025-11-28T14:41:56.326515Z
2025-11-28 06:41:56,327 [canton-env-ec-103] INFO  c.d.c.d.s.a.MemberAuthenticationServiceOld:domain=local - DOM::local::122085d60efc... authenticated new token with expiry 2025-11-28T14:41:56.326520Z
2025-11-28 06:42:16,298 [canton-env-ec-51] INFO  c.d.c.s.c.t.GrpcSequencerSubscription:domain=local/client=mediator - The sequencer subscription has been terminated by the server.
2025-11-28 06:42:16,300 [canton-env-ec-106] INFO  c.d.c.s.c.t.GrpcSubscriptionErrorRetryPolicy:domain=local/client=mediator - Trying to reconnect to give the sequencer the opportunity to become available again (after Connection terminated by the server.)
2025-11-28 06:42:16,300 [canton-env-ec-50] INFO  c.d.c.s.c.t.GrpcSequencerSubscription:domain=local/client=topology-manager - The sequencer subscription has been terminated by the server.
2025-11-28 06:42:16,300 [canton-env-ec-46] INFO  c.d.c.s.c.t.GrpcSubscriptionErrorRetryPolicy:domain=local/client=topology-manager - Trying to reconnect to give the sequencer the opportunity to become available again (after Connection terminated by the server.)
2025-11-28 06:42:16,301 [canton-env-ec-51] INFO  c.d.c.s.c.t.GrpcSequencerSubscription:participant=sandbox/domainId=local::122085d60efc - The sequencer subscription has been terminated by the server.
2025-11-28 06:42:16,301 [canton-env-ec-46] INFO  c.d.c.s.c.t.GrpcSubscriptionErrorRetryPolicy:participant=sandbox/domainId=local::122085d60efc - Trying to reconnect to give the sequencer the opportunity to become available again (after Connection terminated by the server.)
2025-11-28 06:42:16,362 [canton-env-ec-103] INFO  c.d.c.d.s.s.GrpcSequencerService:domain=local - DOM::local::122085d60efc... subscribes from counter=74
2025-11-28 06:42:16,369 [canton-env-ec-98] INFO  c.d.c.d.s.s.GrpcSequencerService:domain=local - MED::local::122085d60efc... subscribes from counter=137
2025-11-28 06:42:16,373 [canton-env-ec-46] INFO  c.d.c.d.s.s.GrpcSequencerService:domain=local - PAR::sandbox::1220a2ad1939... subscribes from counter=158
2025-11-28 07:02:40,433 [daml.index.db.threadpool.connection.indexer-8] INFO  c.d.c.p.i.MeteringAggregator:participant=sandbox - Aggregating transaction metering for LedgerMeteringEnd(Offset(Bytes(000000000000000029)),2025-11-28T14:00:00Z)
2025-11-28 07:02:40,437 [daml.index.db.threadpool.connection.indexer-8] INFO  c.d.c.p.i.MeteringAggregator:participant=sandbox - Aggregating transaction metering completed up to LedgerMeteringEnd(Offset(Bytes(000000000000000029)),2025-11-28T14:00:00Z)
2025-11-28 07:41:36,367 [canton-env-ec-54] INFO  c.d.c.d.s.a.MemberAuthenticationServiceOld:domain=local - MED::local::122085d60efc... authenticated new token with expiry 2025-11-28T15:41:36.366750Z
2025-11-28 07:41:36,367 [canton-env-ec-111] INFO  c.d.c.d.s.a.MemberAuthenticationServiceOld:domain=local - DOM::local::122085d60efc... authenticated new token with expiry 2025-11-28T15:41:36.366758Z
2025-11-28 07:41:36,367 [canton-env-ec-51] INFO  c.d.c.d.s.a.MemberAuthenticationServiceOld:domain=local - PAR::sandbox::1220a2ad1939... authenticated new token with expiry 2025-11-28T15:41:36.367028Z
2025-11-28 07:41:56,339 [canton-env-ec-98] INFO  c.d.c.s.c.t.GrpcSequencerSubscription:domain=local/client=mediator - The sequencer subscription has been terminated by the server.
2025-11-28 07:41:56,341 [canton-env-ec-95] INFO  c.d.c.s.c.t.GrpcSubscriptionErrorRetryPolicy:domain=local/client=mediator - Trying to reconnect to give the sequencer the opportunity to become available again (after Connection terminated by the server.)
2025-11-28 07:41:56,342 [canton-env-ec-98] INFO  c.d.c.s.c.t.GrpcSequencerSubscription:domain=local/client=topology-manager - The sequencer subscription has been terminated by the server.
2025-11-28 07:41:56,342 [canton-env-ec-47] INFO  c.d.c.s.c.t.GrpcSubscriptionErrorRetryPolicy:domain=local/client=topology-manager - Trying to reconnect to give the sequencer the opportunity to become available again (after Connection terminated by the server.)
2025-11-28 07:41:56,343 [canton-env-ec-98] INFO  c.d.c.s.c.t.GrpcSequencerSubscription:participant=sandbox/domainId=local::122085d60efc - The sequencer subscription has been terminated by the server.
2025-11-28 07:41:56,343 [canton-env-ec-54] INFO  c.d.c.s.c.t.GrpcSubscriptionErrorRetryPolicy:participant=sandbox/domainId=local::122085d60efc - Trying to reconnect to give the sequencer the opportunity to become available again (after Connection terminated by the server.)
2025-11-28 07:41:56,408 [canton-env-ec-46] INFO  c.d.c.d.s.s.GrpcSequencerService:domain=local - MED::local::122085d60efc... subscribes from counter=137
2025-11-28 07:41:56,416 [canton-env-ec-103] INFO  c.d.c.d.s.s.GrpcSequencerService:domain=local - PAR::sandbox::1220a2ad1939... subscribes from counter=158
2025-11-28 07:41:56,418 [canton-env-ec-106] INFO  c.d.c.d.s.s.GrpcSequencerService:domain=local - DOM::local::122085d60efc... subscribes from counter=74
2025-11-28 08:02:40,380 [daml.index.db.threadpool.connection.indexer-1] INFO  c.d.c.p.i.MeteringAggregator:participant=sandbox - Aggregating transaction metering for LedgerMeteringEnd(Offset(Bytes(000000000000000029)),2025-11-28T15:00:00Z)
2025-11-28 08:02:40,384 [daml.index.db.threadpool.connection.indexer-1] INFO  c.d.c.p.i.MeteringAggregator:participant=sandbox - Aggregating transaction metering completed up to LedgerMeteringEnd(Offset(Bytes(000000000000000029)),2025-11-28T15:00:00Z)
2025-11-28 08:41:16,401 [canton-env-ec-47] INFO  c.d.c.d.s.a.MemberAuthenticationServiceOld:domain=local - DOM::local::122085d60efc... authenticated new token with expiry 2025-11-28T16:41:16.401239Z
2025-11-28 08:41:16,401 [canton-env-ec-107] INFO  c.d.c.d.s.a.MemberAuthenticationServiceOld:domain=local - MED::local::122085d60efc... authenticated new token with expiry 2025-11-28T16:41:16.401239Z
2025-11-28 08:41:16,401 [canton-env-ec-95] INFO  c.d.c.d.s.a.MemberAuthenticationServiceOld:domain=local - PAR::sandbox::1220a2ad1939... authenticated new token with expiry 2025-11-28T16:41:16.401234Z
2025-11-28 08:41:36,381 [canton-env-ec-54] INFO  c.d.c.s.c.t.GrpcSequencerSubscription:domain=local/client=mediator - The sequencer subscription has been terminated by the server.
2025-11-28 08:41:36,382 [canton-env-ec-106] INFO  c.d.c.s.c.t.GrpcSubscriptionErrorRetryPolicy:domain=local/client=mediator - Trying to reconnect to give the sequencer the opportunity to become available again (after Connection terminated by the server.)
2025-11-28 08:41:36,382 [canton-env-ec-50] INFO  c.d.c.s.c.t.GrpcSequencerSubscription:domain=local/client=topology-manager - The sequencer subscription has been terminated by the server.
2025-11-28 08:41:36,383 [canton-env-ec-107] INFO  c.d.c.s.c.t.GrpcSubscriptionErrorRetryPolicy:domain=local/client=topology-manager - Trying to reconnect to give the sequencer the opportunity to become available again (after Connection terminated by the server.)
2025-11-28 08:41:36,383 [canton-env-ec-107] INFO  c.d.c.s.c.t.GrpcSequencerSubscription:participant=sandbox/domainId=local::122085d60efc - The sequencer subscription has been terminated by the server.
2025-11-28 08:41:36,383 [canton-env-ec-95] INFO  c.d.c.s.c.t.GrpcSubscriptionErrorRetryPolicy:participant=sandbox/domainId=local::122085d60efc - Trying to reconnect to give the sequencer the opportunity to become available again (after Connection terminated by the server.)
2025-11-28 08:41:36,438 [canton-env-ec-111] INFO  c.d.c.d.s.s.GrpcSequencerService:domain=local - MED::local::122085d60efc... subscribes from counter=137
2025-11-28 08:41:36,445 [canton-env-ec-106] INFO  c.d.c.d.s.s.GrpcSequencerService:domain=local - DOM::local::122085d60efc... subscribes from counter=74
2025-11-28 08:41:36,447 [canton-env-ec-51] INFO  c.d.c.d.s.s.GrpcSequencerService:domain=local - PAR::sandbox::1220a2ad1939... subscribes from counter=158
2025-11-28 09:02:40,378 [daml.index.db.threadpool.connection.indexer-11] INFO  c.d.c.p.i.MeteringAggregator:participant=sandbox - Aggregating transaction metering for LedgerMeteringEnd(Offset(Bytes(000000000000000029)),2025-11-28T16:00:00Z)
2025-11-28 09:02:40,382 [daml.index.db.threadpool.connection.indexer-11] INFO  c.d.c.p.i.MeteringAggregator:participant=sandbox - Aggregating transaction metering completed up to LedgerMeteringEnd(Offset(Bytes(000000000000000029)),2025-11-28T16:00:00Z)
2025-11-28 09:40:56,433 [canton-env-ec-54] INFO  c.d.c.d.s.a.MemberAuthenticationServiceOld:domain=local - MED::local::122085d60efc... authenticated new token with expiry 2025-11-28T17:40:56.433287Z
2025-11-28 09:40:56,433 [canton-env-ec-95] INFO  c.d.c.d.s.a.MemberAuthenticationServiceOld:domain=local - PAR::sandbox::1220a2ad1939... authenticated new token with expiry 2025-11-28T17:40:56.433287Z
2025-11-28 09:40:56,433 [canton-env-ec-47] INFO  c.d.c.d.s.a.MemberAuthenticationServiceOld:domain=local - DOM::local::122085d60efc... authenticated new token with expiry 2025-11-28T17:40:56.433280Z
2025-11-28 09:41:16,415 [canton-env-ec-47] INFO  c.d.c.s.c.t.GrpcSequencerSubscription:participant=sandbox/domainId=local::122085d60efc - The sequencer subscription has been terminated by the server.
2025-11-28 09:41:16,416 [canton-env-ec-52] INFO  c.d.c.s.c.t.GrpcSequencerSubscription:domain=local/client=topology-manager - The sequencer subscription has been terminated by the server.
2025-11-28 09:41:16,417 [canton-env-ec-50] INFO  c.d.c.s.c.t.GrpcSubscriptionErrorRetryPolicy:domain=local/client=topology-manager - Trying to reconnect to give the sequencer the opportunity to become available again (after Connection terminated by the server.)
2025-11-28 09:41:16,417 [canton-env-ec-95] INFO  c.d.c.s.c.t.GrpcSubscriptionErrorRetryPolicy:participant=sandbox/domainId=local::122085d60efc - Trying to reconnect to give the sequencer the opportunity to become available again (after Connection terminated by the server.)
2025-11-28 09:41:16,417 [canton-env-ec-95] INFO  c.d.c.s.c.t.GrpcSequencerSubscription:domain=local/client=mediator - The sequencer subscription has been terminated by the server.
2025-11-28 09:41:16,418 [canton-env-ec-82] INFO  c.d.c.s.c.t.GrpcSubscriptionErrorRetryPolicy:domain=local/client=mediator - Trying to reconnect to give the sequencer the opportunity to become available again (after Connection terminated by the server.)
2025-11-28 09:41:16,481 [canton-env-ec-82] INFO  c.d.c.d.s.s.GrpcSequencerService:domain=local - PAR::sandbox::1220a2ad1939... subscribes from counter=158
2025-11-28 09:41:16,488 [canton-env-ec-103] INFO  c.d.c.d.s.s.GrpcSequencerService:domain=local - DOM::local::122085d60efc... subscribes from counter=74
2025-11-28 09:41:16,490 [canton-env-ec-98] INFO  c.d.c.d.s.s.GrpcSequencerService:domain=local - MED::local::122085d60efc... subscribes from counter=137
2025-11-28 10:02:40,379 [daml.index.db.threadpool.connection.indexer-4] INFO  c.d.c.p.i.MeteringAggregator:participant=sandbox - Aggregating transaction metering for LedgerMeteringEnd(Offset(Bytes(000000000000000029)),2025-11-28T17:00:00Z)
2025-11-28 10:02:40,385 [daml.index.db.threadpool.connection.indexer-4] INFO  c.d.c.p.i.MeteringAggregator:participant=sandbox - Aggregating transaction metering completed up to LedgerMeteringEnd(Offset(Bytes(000000000000000029)),2025-11-28T17:00:00Z)
2025-11-28 10:40:36,468 [canton-env-ec-82] INFO  c.d.c.d.s.a.MemberAuthenticationServiceOld:domain=local - MED::local::122085d60efc... authenticated new token with expiry 2025-11-28T18:40:36.467903Z
2025-11-28 10:40:36,468 [canton-env-ec-100] INFO  c.d.c.d.s.a.MemberAuthenticationServiceOld:domain=local - PAR::sandbox::1220a2ad1939... authenticated new token with expiry 2025-11-28T18:40:36.467912Z
2025-11-28 10:40:36,468 [canton-env-ec-107] INFO  c.d.c.d.s.a.MemberAuthenticationServiceOld:domain=local - DOM::local::122085d60efc... authenticated new token with expiry 2025-11-28T18:40:36.468250Z
2025-11-28 10:40:56,449 [canton-env-ec-50] INFO  c.d.c.s.c.t.GrpcSequencerSubscription:domain=local/client=topology-manager - The sequencer subscription has been terminated by the server.
2025-11-28 10:40:56,451 [canton-env-ec-50] INFO  c.d.c.s.c.t.GrpcSequencerSubscription:participant=sandbox/domainId=local::122085d60efc - The sequencer subscription has been terminated by the server.
2025-11-28 10:40:56,451 [canton-env-ec-111] INFO  c.d.c.s.c.t.GrpcSubscriptionErrorRetryPolicy:participant=sandbox/domainId=local::122085d60efc - Trying to reconnect to give the sequencer the opportunity to become available again (after Connection terminated by the server.)
2025-11-28 10:40:56,451 [canton-env-ec-82] INFO  c.d.c.s.c.t.GrpcSubscriptionErrorRetryPolicy:domain=local/client=topology-manager - Trying to reconnect to give the sequencer the opportunity to become available again (after Connection terminated by the server.)
2025-11-28 10:40:56,452 [canton-env-ec-111] INFO  c.d.c.s.c.t.GrpcSequencerSubscription:domain=local/client=mediator - The sequencer subscription has been terminated by the server.
2025-11-28 10:40:56,452 [canton-env-ec-82] INFO  c.d.c.s.c.t.GrpcSubscriptionErrorRetryPolicy:domain=local/client=mediator - Trying to reconnect to give the sequencer the opportunity to become available again (after Connection terminated by the server.)
2025-11-28 10:40:56,517 [canton-env-ec-98] INFO  c.d.c.d.s.s.GrpcSequencerService:domain=local - MED::local::122085d60efc... subscribes from counter=137
2025-11-28 10:40:56,525 [canton-env-ec-107] INFO  c.d.c.d.s.s.GrpcSequencerService:domain=local - PAR::sandbox::1220a2ad1939... subscribes from counter=158
2025-11-28 10:40:56,526 [canton-env-ec-95] INFO  c.d.c.d.s.s.GrpcSequencerService:domain=local - DOM::local::122085d60efc... subscribes from counter=74
2025-11-28 11:02:40,371 [daml.index.db.threadpool.connection.indexer-14] INFO  c.d.c.p.i.MeteringAggregator:participant=sandbox - Aggregating transaction metering for LedgerMeteringEnd(Offset(Bytes(000000000000000029)),2025-11-28T18:00:00Z)
2025-11-28 11:02:40,375 [daml.index.db.threadpool.connection.indexer-14] INFO  c.d.c.p.i.MeteringAggregator:participant=sandbox - Aggregating transaction metering completed up to LedgerMeteringEnd(Offset(Bytes(000000000000000029)),2025-11-28T18:00:00Z)
2025-11-28 11:40:16,578 [canton-env-ec-95] INFO  c.d.c.d.s.a.MemberAuthenticationServiceOld:domain=local - PAR::sandbox::1220a2ad1939... authenticated new token with expiry 2025-11-28T19:40:16.578128Z
2025-11-28 11:40:16,578 [canton-env-ec-100] INFO  c.d.c.d.s.a.MemberAuthenticationServiceOld:domain=local - MED::local::122085d60efc... authenticated new token with expiry 2025-11-28T19:40:16.578132Z
2025-11-28 11:40:16,578 [canton-env-ec-51] INFO  c.d.c.d.s.a.MemberAuthenticationServiceOld:domain=local - DOM::local::122085d60efc... authenticated new token with expiry 2025-11-28T19:40:16.578304Z
2025-11-28 11:40:36,481 [canton-env-ec-100] INFO  c.d.c.s.c.t.GrpcSequencerSubscription:domain=local/client=mediator - The sequencer subscription has been terminated by the server.
2025-11-28 11:40:36,484 [canton-env-ec-98] INFO  c.d.c.s.c.t.GrpcSequencerSubscription:participant=sandbox/domainId=local::122085d60efc - The sequencer subscription has been terminated by the server.
2025-11-28 11:40:36,484 [canton-env-ec-111] INFO  c.d.c.s.c.t.GrpcSubscriptionErrorRetryPolicy:domain=local/client=mediator - Trying to reconnect to give the sequencer the opportunity to become available again (after Connection terminated by the server.)
2025-11-28 11:40:36,484 [canton-env-ec-82] INFO  c.d.c.s.c.t.GrpcSubscriptionErrorRetryPolicy:participant=sandbox/domainId=local::122085d60efc - Trying to reconnect to give the sequencer the opportunity to become available again (after Connection terminated by the server.)
2025-11-28 11:40:36,485 [canton-env-ec-98] INFO  c.d.c.s.c.t.GrpcSequencerSubscription:domain=local/client=topology-manager - The sequencer subscription has been terminated by the server.
2025-11-28 11:40:36,485 [canton-env-ec-100] INFO  c.d.c.s.c.t.GrpcSubscriptionErrorRetryPolicy:domain=local/client=topology-manager - Trying to reconnect to give the sequencer the opportunity to become available again (after Connection terminated by the server.)
2025-11-28 11:40:36,550 [canton-env-ec-50] INFO  c.d.c.d.s.s.GrpcSequencerService:domain=local - DOM::local::122085d60efc... subscribes from counter=74
2025-11-28 11:40:36,556 [canton-env-ec-46] INFO  c.d.c.d.s.s.GrpcSequencerService:domain=local - MED::local::122085d60efc... subscribes from counter=137
2025-11-28 11:40:36,558 [canton-env-ec-95] INFO  c.d.c.d.s.s.GrpcSequencerService:domain=local - PAR::sandbox::1220a2ad1939... subscribes from counter=158
2025-11-28 12:02:40,367 [daml.index.db.threadpool.connection.indexer-7] INFO  c.d.c.p.i.MeteringAggregator:participant=sandbox - Aggregating transaction metering for LedgerMeteringEnd(Offset(Bytes(000000000000000029)),2025-11-28T19:00:00Z)
2025-11-28 12:02:40,371 [daml.index.db.threadpool.connection.indexer-7] INFO  c.d.c.p.i.MeteringAggregator:participant=sandbox - Aggregating transaction metering completed up to LedgerMeteringEnd(Offset(Bytes(000000000000000029)),2025-11-28T19:00:00Z)
2025-11-28 12:39:56,601 [canton-env-ec-50] INFO  c.d.c.d.s.a.MemberAuthenticationServiceOld:domain=local - MED::local::122085d60efc... authenticated new token with expiry 2025-11-28T20:39:56.600746Z
2025-11-28 12:39:56,601 [canton-env-ec-95] INFO  c.d.c.d.s.a.MemberAuthenticationServiceOld:domain=local - DOM::local::122085d60efc... authenticated new token with expiry 2025-11-28T20:39:56.600732Z
2025-11-28 12:39:56,601 [canton-env-ec-47] INFO  c.d.c.d.s.a.MemberAuthenticationServiceOld:domain=local - PAR::sandbox::1220a2ad1939... authenticated new token with expiry 2025-11-28T20:39:56.600751Z
2025-11-28 12:40:16,589 [canton-env-ec-98] INFO  c.d.c.s.c.t.GrpcSequencerSubscription:participant=sandbox/domainId=local::122085d60efc - The sequencer subscription has been terminated by the server.
2025-11-28 12:40:16,590 [canton-env-ec-52] INFO  c.d.c.s.c.t.GrpcSubscriptionErrorRetryPolicy:participant=sandbox/domainId=local::122085d60efc - Trying to reconnect to give the sequencer the opportunity to become available again (after Connection terminated by the server.)
2025-11-28 12:40:16,590 [canton-env-ec-50] INFO  c.d.c.s.c.t.GrpcSequencerSubscription:domain=local/client=mediator - The sequencer subscription has been terminated by the server.
2025-11-28 12:40:16,591 [canton-env-ec-95] INFO  c.d.c.s.c.t.GrpcSubscriptionErrorRetryPolicy:domain=local/client=mediator - Trying to reconnect to give the sequencer the opportunity to become available again (after Connection terminated by the server.)
2025-11-28 12:40:16,591 [canton-env-ec-95] INFO  c.d.c.s.c.t.GrpcSequencerSubscription:domain=local/client=topology-manager - The sequencer subscription has been terminated by the server.
2025-11-28 12:40:16,591 [canton-env-ec-100] INFO  c.d.c.s.c.t.GrpcSubscriptionErrorRetryPolicy:domain=local/client=topology-manager - Trying to reconnect to give the sequencer the opportunity to become available again (after Connection terminated by the server.)
2025-11-28 12:40:16,650 [canton-env-ec-50] INFO  c.d.c.d.s.s.GrpcSequencerService:domain=local - DOM::local::122085d60efc... subscribes from counter=74
2025-11-28 12:40:16,657 [canton-env-ec-98] INFO  c.d.c.d.s.s.GrpcSequencerService:domain=local - PAR::sandbox::1220a2ad1939... subscribes from counter=158
2025-11-28 12:40:16,659 [canton-env-ec-100] INFO  c.d.c.d.s.s.GrpcSequencerService:domain=local - MED::local::122085d60efc... subscribes from counter=137
2025-11-28 13:02:40,380 [daml.index.db.threadpool.connection.indexer-0] INFO  c.d.c.p.i.MeteringAggregator:participant=sandbox - Aggregating transaction metering for LedgerMeteringEnd(Offset(Bytes(000000000000000029)),2025-11-28T20:00:00Z)
2025-11-28 13:02:40,385 [daml.index.db.threadpool.connection.indexer-0] INFO  c.d.c.p.i.MeteringAggregator:participant=sandbox - Aggregating transaction metering completed up to LedgerMeteringEnd(Offset(Bytes(000000000000000029)),2025-11-28T20:00:00Z)
2025-11-28 13:39:36,638 [canton-env-ec-98] INFO  c.d.c.d.s.a.MemberAuthenticationServiceOld:domain=local - MED::local::122085d60efc... authenticated new token with expiry 2025-11-28T21:39:36.638223Z
2025-11-28 13:39:36,638 [canton-env-ec-107] INFO  c.d.c.d.s.a.MemberAuthenticationServiceOld:domain=local - PAR::sandbox::1220a2ad1939... authenticated new token with expiry 2025-11-28T21:39:36.638216Z
2025-11-28 13:39:36,638 [canton-env-ec-46] INFO  c.d.c.d.s.a.MemberAuthenticationServiceOld:domain=local - DOM::local::122085d60efc... authenticated new token with expiry 2025-11-28T21:39:36.638239Z
2025-11-28 13:39:56,615 [canton-env-ec-54] INFO  c.d.c.s.c.t.GrpcSequencerSubscription:domain=local/client=topology-manager - The sequencer subscription has been terminated by the server.
2025-11-28 13:39:56,617 [canton-env-ec-52] INFO  c.d.c.s.c.t.GrpcSubscriptionErrorRetryPolicy:domain=local/client=topology-manager - Trying to reconnect to give the sequencer the opportunity to become available again (after Connection terminated by the server.)
2025-11-28 13:39:56,617 [canton-env-ec-98] INFO  c.d.c.s.c.t.GrpcSequencerSubscription:domain=local/client=mediator - The sequencer subscription has been terminated by the server.
2025-11-28 13:39:56,617 [canton-env-ec-47] INFO  c.d.c.s.c.t.GrpcSubscriptionErrorRetryPolicy:domain=local/client=mediator - Trying to reconnect to give the sequencer the opportunity to become available again (after Connection terminated by the server.)
2025-11-28 13:39:56,618 [canton-env-ec-98] INFO  c.d.c.s.c.t.GrpcSequencerSubscription:participant=sandbox/domainId=local::122085d60efc - The sequencer subscription has been terminated by the server.
2025-11-28 13:39:56,618 [canton-env-ec-46] INFO  c.d.c.s.c.t.GrpcSubscriptionErrorRetryPolicy:participant=sandbox/domainId=local::122085d60efc - Trying to reconnect to give the sequencer the opportunity to become available again (after Connection terminated by the server.)
2025-11-28 13:39:56,675 [canton-env-ec-50] INFO  c.d.c.d.s.s.GrpcSequencerService:domain=local - MED::local::122085d60efc... subscribes from counter=137
2025-11-28 13:39:56,682 [canton-env-ec-107] INFO  c.d.c.d.s.s.GrpcSequencerService:domain=local - DOM::local::122085d60efc... subscribes from counter=74
2025-11-28 13:39:56,684 [canton-env-ec-46] INFO  c.d.c.d.s.s.GrpcSequencerService:domain=local - PAR::sandbox::1220a2ad1939... subscribes from counter=158
2025-11-28 14:02:40,371 [daml.index.db.threadpool.connection.indexer-10] INFO  c.d.c.p.i.MeteringAggregator:participant=sandbox - Aggregating transaction metering for LedgerMeteringEnd(Offset(Bytes(000000000000000029)),2025-11-28T21:00:00Z)
2025-11-28 14:02:40,376 [daml.index.db.threadpool.connection.indexer-10] INFO  c.d.c.p.i.MeteringAggregator:participant=sandbox - Aggregating transaction metering completed up to LedgerMeteringEnd(Offset(Bytes(000000000000000029)),2025-11-28T21:00:00Z)
2025-11-28 14:12:50,467 [canton-env-ec-82] INFO  c.d.c.d.s.s.GrpcSequencerService:domain=local tid:7f0573891d021b48562666ba693133b6 - 'DOM::local::122085d60efc...' sends request with id 'tick-76b7ec49-5f13-4505-85c9-9302f058350a' of size 336 bytes with 0 envelopes.
2025-11-28 14:13:21,519 [canton-env-ec-111] INFO  c.d.c.d.s.s.GrpcSequencerService:domain=local tid:fb8da06077164a7b02beb3c2b2bda7d4 - 'MED::local::122085d60efc...' sends request with id 'tick-fd08e828-3037-48c1-8efa-f9ed24408928' of size 336 bytes with 0 envelopes.
2025-11-28 14:13:51,383 [canton-env-ec-100] INFO  c.d.c.d.s.s.GrpcSequencerService:domain=local tid:797d3730ca90dd2152e13d9e37a8fae5 - 'PAR::sandbox::1220a2ad1939...' sends request with id 'tick-f5ef7bf1-c29b-4f09-9f95-e630d4bd0108' of size 338 bytes with 0 envelopes.
